[2026-03-24 22:20:19] 장 시간이 아님 - 대기 중
[2026-03-24 22:20:52] 스캔 시작
[2026-03-24 22:20:52] 종목 검사: 삼성전자 (005930.KS)
[2026-03-24 22:20:53] 종목 검사: SK하이닉스 (000660.KS)
[2026-03-24 22:20:54] 종목 검사: NAVER (035420.KS)
[2026-03-24 22:20:54] 종목 검사: 카카오 (035720.KS)
[2026-03-24 22:20:54] 스캔 종료 - 매수 후보 확인
[2026-03-24 22:26:51] 장 시간이 아님 - 60초 후 다시 확인
[2026-03-24 22:26:54] 사용자가 프로그램을 종료했습니다.
[2026-03-24 22:27:11] 장 시간 확인됨 - 스캔 실행
[2026-03-24 22:27:11] 스캔 시작
[2026-03-24 22:27:11] 종목 검사: 삼성전자 (005930.KS)
[2026-03-24 22:27:12] 종목 검사: SK하이닉스 (000660.KS)
[2026-03-24 22:27:13] 종목 검사: NAVER (035420.KS)
[2026-03-24 22:27:13] 종목 검사: 카카오 (035720.KS)
[2026-03-24 22:27:14] 스캔 종료 - 매수 후보 정리
[2026-03-24 22:27:14] 매수 후보 없음
[2026-03-24 22:27:14] 다음 스캔까지 60초 대기
[2026-03-24 22:27:23] 사용자가 프로그램을 종료했습니다.
[2026-03-24 22:38:01] 장 시간 확인됨 - 스캔 실행
[2026-03-24 22:38:01] 스캔 시작
[2026-03-24 22:38:01] 종목 검사: 삼성전자 (005930.KS)
[2026-03-24 22:38:02] 매수 후보 발견: 삼성전자 (005930.KS)
[2026-03-24 22:38:02] 종목 검사: SK하이닉스 (000660.KS)
[2026-03-24 22:38:03] 매수 후보 발견: SK하이닉스 (000660.KS)
[2026-03-24 22:38:03] 종목 검사: NAVER (035420.KS)
[2026-03-24 22:38:03] 매수 후보이지만 중복으로 저장 생략: NAVER (035420.KS)
[2026-03-24 22:38:03] 종목 검사: 카카오 (035720.KS)
[2026-03-24 22:38:04] 매수 후보 발견: 카카오 (035720.KS)
[2026-03-24 22:38:04] 스캔 종료 - 매수 후보 정리
[2026-03-24 22:38:04] 치명적 에러 발생: [Errno 13] Permission denied: 'buy_candidates.csv'
[2026-03-24 22:38:04] 프로그램을 10초 후 재시도합니다.
[2026-03-24 22:38:14] 장 시간 확인됨 - 스캔 실행
[2026-03-24 22:38:14] 스캔 시작
[2026-03-24 22:38:14] 종목 검사: 삼성전자 (005930.KS)
[2026-03-24 22:38:14] 매수 후보 발견: 삼성전자 (005930.KS)
[2026-03-24 22:38:14] 종목 검사: SK하이닉스 (000660.KS)
[2026-03-24 22:38:14] 매수 후보 발견: SK하이닉스 (000660.KS)
[2026-03-24 22:38:14] 종목 검사: NAVER (035420.KS)
[2026-03-24 22:38:15] 매수 후보이지만 중복으로 저장 생략: NAVER (035420.KS)
[2026-03-24 22:38:15] 종목 검사: 카카오 (035720.KS)
[2026-03-24 22:38:15] 매수 후보 발견: 카카오 (035720.KS)
[2026-03-24 22:38:15] 스캔 종료 - 매수 후보 정리
[2026-03-24 22:38:15] 치명적 에러 발생: [Errno 13] Permission denied: 'buy_candidates.csv'
[2026-03-24 22:38:15] 프로그램을 10초 후 재시도합니다.
[2026-03-24 22:38:25] 장 시간 확인됨 - 스캔 실행
[2026-03-24 22:38:25] 스캔 시작
[2026-03-24 22:38:25] 종목 검사: 삼성전자 (005930.KS)
[2026-03-24 22:38:26] 매수 후보 발견: 삼성전자 (005930.KS)
[2026-03-24 22:38:26] 종목 검사: SK하이닉스 (000660.KS)
[2026-03-24 22:38:26] 매수 후보 발견: SK하이닉스 (000660.KS)
[2026-03-24 22:38:26] 종목 검사: NAVER (035420.KS)
[2026-03-24 22:38:26] 매수 후보이지만 중복으로 저장 생략: NAVER (035420.KS)
[2026-03-24 22:38:26] 종목 검사: 카카오 (035720.KS)
[2026-03-24 22:38:27] 매수 후보 발견: 카카오 (035720.KS)
[2026-03-24 22:38:27] 스캔 종료 - 매수 후보 정리
[2026-03-24 22:38:27] 치명적 에러 발생: [Errno 13] Permission denied: 'buy_candidates.csv'
[2026-03-24 22:38:27] 프로그램을 10초 후 재시도합니다.
[2026-03-24 22:38:37] 장 시간 확인됨 - 스캔 실행
[2026-03-24 22:38:37] 스캔 시작
[2026-03-24 22:38:37] 종목 검사: 삼성전자 (005930.KS)
[2026-03-24 22:38:37] 매수 후보 발견: 삼성전자 (005930.KS)
[2026-03-24 22:38:37] 종목 검사: SK하이닉스 (000660.KS)
[2026-03-24 22:38:38] 매수 후보 발견: SK하이닉스 (000660.KS)
[2026-03-24 22:38:38] 종목 검사: NAVER (035420.KS)
[2026-03-24 22:38:38] 매수 후보이지만 중복으로 저장 생략: NAVER (035420.KS)
[2026-03-24 22:38:38] 종목 검사: 카카오 (035720.KS)
[2026-03-24 22:38:39] 매수 후보 발견: 카카오 (035720.KS)
[2026-03-24 22:38:39] 스캔 종료 - 매수 후보 정리
[2026-03-24 22:38:39] 치명적 에러 발생: [Errno 13] Permission denied: 'buy_candidates.csv'
[2026-03-24 22:38:39] 프로그램을 10초 후 재시도합니다.
[2026-03-24 22:38:49] 장 시간 확인됨 - 스캔 실행
[2026-03-24 22:38:49] 스캔 시작
[2026-03-24 22:38:49] 종목 검사: 삼성전자 (005930.KS)
[2026-03-24 22:38:49] 매수 후보 발견: 삼성전자 (005930.KS)
[2026-03-24 22:38:49] 종목 검사: SK하이닉스 (000660.KS)
[2026-03-24 22:38:49] 매수 후보 발견: SK하이닉스 (000660.KS)
[2026-03-24 22:38:49] 종목 검사: NAVER (035420.KS)
[2026-03-24 22:38:50] 매수 후보이지만 중복으로 저장 생략: NAVER (035420.KS)
[2026-03-24 22:38:50] 종목 검사: 카카오 (035720.KS)
[2026-03-24 22:38:50] 매수 후보 발견: 카카오 (035720.KS)
[2026-03-24 22:38:50] 스캔 종료 - 매수 후보 정리
[2026-03-24 22:38:50] buy_candidates.csv 파일에 누적 저장 완료
[2026-03-24 22:38:50] 다음 스캔까지 60초 대기
[2026-03-24 22:39:50] 장 시간 확인됨 - 스캔 실행
[2026-03-24 22:39:50] 스캔 시작
[2026-03-24 22:39:50] 종목 검사: 삼성전자 (005930.KS)
[2026-03-24 22:39:51] 매수 후보 발견: 삼성전자 (005930.KS)
[2026-03-24 22:39:51] 종목 검사: SK하이닉스 (000660.KS)
[2026-03-24 22:39:51] 매수 후보 발견: SK하이닉스 (000660.KS)
[2026-03-24 22:39:51] 종목 검사: NAVER (035420.KS)
[2026-03-24 22:39:51] 매수 후보이지만 중복으로 저장 생략: NAVER (035420.KS)
[2026-03-24 22:39:51] 종목 검사: 카카오 (035720.KS)
[2026-03-24 22:39:52] 매수 후보 발견: 카카오 (035720.KS)
[2026-03-24 22:39:52] 스캔 종료 - 매수 후보 정리
[2026-03-24 22:39:52] buy_candidates.csv 파일에 누적 저장 완료
[2026-03-24 22:39:52] 다음 스캔까지 60초 대기
[2026-03-24 22:40:52] 장 시간 확인됨 - 스캔 실행
[2026-03-24 22:40:52] 스캔 시작
[2026-03-24 22:40:52] 종목 검사: 삼성전자 (005930.KS)
[2026-03-24 22:40:52] 매수 후보 발견: 삼성전자 (005930.KS)
[2026-03-24 22:40:52] 종목 검사: SK하이닉스 (000660.KS)
[2026-03-24 22:40:53] 매수 후보 발견: SK하이닉스 (000660.KS)
[2026-03-24 22:40:53] 종목 검사: NAVER (035420.KS)
[2026-03-24 22:40:53] 매수 후보이지만 중복으로 저장 생략: NAVER (035420.KS)
[2026-03-24 22:40:53] 종목 검사: 카카오 (035720.KS)
[2026-03-24 22:40:53] 매수 후보 발견: 카카오 (035720.KS)
[2026-03-24 22:40:53] 스캔 종료 - 매수 후보 정리
[2026-03-24 22:40:53] buy_candidates.csv 파일에 누적 저장 완료
[2026-03-24 22:40:53] 다음 스캔까지 60초 대기
[2026-03-24 22:41:53] 장 시간 확인됨 - 스캔 실행
[2026-03-24 22:41:53] 스캔 시작
[2026-03-24 22:41:53] 종목 검사: 삼성전자 (005930.KS)
[2026-03-24 22:41:54] 매수 후보 발견: 삼성전자 (005930.KS)
[2026-03-24 22:41:54] 종목 검사: SK하이닉스 (000660.KS)
[2026-03-24 22:41:54] 매수 후보 발견: SK하이닉스 (000660.KS)
[2026-03-24 22:41:54] 종목 검사: NAVER (035420.KS)
[2026-03-24 22:41:55] 매수 후보이지만 중복으로 저장 생략: NAVER (035420.KS)
[2026-03-24 22:41:55] 종목 검사: 카카오 (035720.KS)
[2026-03-24 22:41:55] 매수 후보 발견: 카카오 (035720.KS)
[2026-03-24 22:41:55] 스캔 종료 - 매수 후보 정리
[2026-03-24 22:41:55] buy_candidates.csv 파일에 누적 저장 완료
[2026-03-24 22:41:55] 다음 스캔까지 60초 대기
[2026-03-24 22:42:05] 사용자가 프로그램을 종료했습니다.
[2026-03-24 22:42:08] 장 시간 확인됨 - 스캔 실행
[2026-03-24 22:42:08] 스캔 시작
[2026-03-24 22:42:08] 종목 검사: 삼성전자 (005930.KS)
[2026-03-24 22:42:09] 종목 검사: SK하이닉스 (000660.KS)
[2026-03-24 22:42:09] 종목 검사: NAVER (035420.KS)
[2026-03-24 22:42:10] 매수 후보이지만 중복으로 저장 생략: NAVER (035420.KS)
[2026-03-24 22:42:10] 종목 검사: 카카오 (035720.KS)
[2026-03-24 22:42:10] 스캔 종료 - 매수 후보 정리
[2026-03-24 22:42:10] 이번 스캔에서 새로 저장된 매수 후보 없음
[2026-03-24 22:42:10] 다음 스캔까지 60초 대기
[2026-03-24 22:42:12] 사용자가 프로그램을 종료했습니다.
[2026-03-24 22:55:29] 장 시간이 아님 - 60초 후 다시 확인
[2026-03-24 22:55:30] 사용자가 프로그램을 종료했습니다.
